#
#    The ANU Nilpotent Quotient Program (Version 1.1e, 04 Aug 1994)
#    Calculating a nilpotent quotient
#    Nilpotency class: 14
#
#    Calculating the abelian quotient ...
#    The abelian quotient has 2 generators
#        with the following exponents: 0 0
#
#    Calculating the class 2 quotient ...
#    Layer 2 of the lower central series has 1 generators
#          with the following exponents: 0
#
#    Calculating the class 3 quotient ...
#    Layer 3 of the lower central series has 1 generators
#          with the following exponents: 0
#
#    Calculating the class 4 quotient ...
#    Layer 4 of the lower central series has 1 generators
#          with the following exponents: 0
#
#    Calculating the class 5 quotient ...
#    Layer 5 of the lower central series has 2 generators
#          with the following exponents: 0 0
#
#    Calculating the class 6 quotient ...
#    Layer 6 of the lower central series has 2 generators
#          with the following exponents: 2 0
#
#    Calculating the class 7 quotient ...
#    Layer 7 of the lower central series has 4 generators
#          with the following exponents: 2 2 0 0
#
#    Calculating the class 8 quotient ...
#    Layer 8 of the lower central series has 4 generators
#          with the following exponents: 2 2 0 5
#
#    Calculating the class 9 quotient ...
#    Layer 9 of the lower central series has 7 generators
#          with the following exponents: 2 2 2 3 0 5 5
#
#    Calculating the class 10 quotient ...
#    Layer 10 of the lower central series has 8 generators
#          with the following exponents: 2 2 2 2 3 0 5 5
#
#    Calculating the class 11 quotient ...
#    Layer 11 of the lower central series has 12 generators
#          with the following exponents: 2 2 2 2 2 2 3 0 0 5 5 5
#
#    Calculating the class 12 quotient ...
#    Layer 12 of the lower central series has 12 generators
#          with the following exponents: 2 2 2 2 2 2 2 0 3 5 5 5
#
#    Calculating the class 13 quotient ...
#    Layer 13 of the lower central series has 15 generators
#          with the following exponents: 2 2 2 2 2 2 2 2 2 50 0 5 5 5 5
#
#    Calculating the class 14 quotient ...
#    Layer 14 of the lower central series has 13 generators
#          with the following exponents: 2 2 2 2 2 2 2 2 100 5 5 5 5
#


#    The epimorphism :
#    e1 |---> A
#    e2 |---> B


#    The nilpotent quotient :
    <A,B,C,D,E,F,G,H,I,J,K,L,M,N,O,P,Q,R,S,T,U,V,W,X,Y,Z,A1,B1,C1,D1,E1,F1,G1,H1,I1,J1,K1,L1,M1,N1,O1,P1,Q1,R1,S1,T1,U1,V1,W1,X1,Y1,Z1,A2,B2,C2,D2,E2,F2,G2,H2,I2,J2,K2,L2,M2,N2,O2,P2,Q2,R2,S2,T2,U2,V2,W2,X2,Y2,Z2,A3,B3,C3,D3,E3,F3
      |
        H^2 = I*J*K*L^-1*M^3*N*P^-2*Q*R*V^-3*W^2*X*Y*Z*A1*B1*C1^2*D1^-4*E1^2*F1*L1*M1^2*N1^-7*O1^-3*P1*R1^2*S1*W1*Y1*Z1^-2*A2^2*B2^2*C2^2*D2^2*E2*G2*I2*K2*N2^29*O2^-15*P2^3*Q2^2*R2^4*S2*T2*X2*Y2*B3^97*C3*D3^2*E3^2*F3^2,
        J^2 = L*O*P^3*W*C1*F1*G1*H1*I1*J1*K1*M1^2*N1^-5*Q1*V1*W1*Y1*Z1^-3*B2^3*C2^2*E2*F2*G2*H2*L2*M2*N2^17*O2^-4*Q2^4*R2*W2*X2*Z2*A3*B3^71*C3^3*D3^3*E3^2*F3^4,
        K^2 = M*N*P^-2*Q*S*V^-1*W*X^4*Y*B1*C1^2*D1^-3*E1^4*H1*J1*L1*M1^2*N1^-2*O1^-2*P1^3*Q1^2*R1^3*S1*T1*V1*W1*X1*Z1^-6*A2^2*B2^4*C2^3*E2*F2*G2*H2*L2*N2^8*O2^-22*P2^3*Q2^2*R2^3*S2^4*T2*U2*V2*W2*Z2*A3*B3^12*C3^3*E3^2,
        N^2 = P^2*T*V^4*W^4*A1*C1^2*F1*H1*I1*J1*K1*N1^-9*R1^2*T1*U1*W1*Y1*Z1^-3*B2^2*C2^4*H2*I2*O2^-10*P2*Q2^3*R2^3*T2*U2*V2*X2*Y2*A3*B3^48*C3^2*E3^4,
        O^2 = P*R*U*W*A1*C1*F1^4*H1*I1*J1*K1*M1^2*N1^-2*U1*V1*W1*Y1*Z1^-5*C2^4*E2*H2*L2*M2*N2^8*O2^-4*P2*Q2^3*R2^2*W2*X2*Z2*B3^33*C3^2*D3^4*E3^3*F3^2,
        Q^5 = S*V^4*B1*C1*D1*E1^2*F1^2*G1*H1*K1*M1*N1^-3*Q1^3*R1^2*S1*T1*V1*X1*Z1^-5*B2^4*D2^3*F2*H2*I2*J2*K2*L2*N2^6*O2^-15*P2^4*Q2^3*T2*V2*W2*B3^43*C3^4*D3^2*E3*F3^3,
        R^2 = U^2*A1*C1*G1*K1*N1*Q1^4*V1*W1*X1*Z1^-2*B2^4*G2*I2*J2*K2*L2*M2*N2^26*O2^-2*P2^3*Q2^3*R2^3*V2*W2*B3^95*C3^2*D3*E3^2*F3^3,
        S^2 = V^2*B1*D1^4*E1^4*J1*M1^2*R1*T1*V1*W1*Y1*Z1^-5*D2^2*H2*J2*K2*L2*M2*N2^2*O2^-16*P2^2*Q2^4*B3^27*C3*E3^2*F3^4,
        T^2 = V*Y*C1^2*E1*J1*M1^2*N1^-1*Q1^3*R1^4*T1*U1*V1*W1*Y1*Z1^-1*C2^4*I2*J2*K2*M2*N2^19*O2^-9*P2*R2*T2*W2*X2*Y2*A3*B3^75*C3*D3^2*E3^2*F3,
        U^3 = G1*K1*N1^-1*U1*X1*B2*C2^4*G2*I2*N2^31*P2^4*Q2*V2*X2*Y2*B3^82*C3*D3^4*E3^4*F3^4,
        W^5 = A1*H1*I1*J1*M1^2*N1^5*Q1^2*V1*W1*Z1^-5*B2^3*C2^4*H2*J2*M2*N2^34*O2^-3*P2^2*R2^3*X2*A3*B3^80*D3^3*E3^3*F3,
        X^5 = Z*D1^4*L1*M1*O1*P1^2*R1^2*S1*W1*Y1*Z1^-2*B2^3*C2^4*D2^2*H2*J2*M2*N2^24*O2^-10*P2^3*Q2^2*R2*S2^3*U2*W2*A3*B3^22*C3^2*D3*E3*F3^3,
        Y^2 = C1*G1*J1*K1*N1^-1*Q1^4*V1*W1*X1*Y1*B2^3*C2^4*G2*I2*J2*K2*L2*O2^-2*Q2^2*W2*B3^62*C3^4*D3^2*E3^2*F3^3,
        Z^2 = D1^2*L1*O1^4*P1^4*V1*D2*H2*J2*O2^-4*P2*S2^2*W2*Z2*B3^54*C3^3*E3*F3^3,
        A1^2 = C1*G1*Q1^3*B2^3*C2^4*G2*I2*N2^28*P2^4*Q2*R2^3*V2*Y2*A3*B3^54*C3*D3*E3^4,
        B1^2 = D1*H1*M1^2*P1*V1*Y1*Z1^-1*B2^4*D2^4*H2*J2*L2*M2*O2^-3*P2^4*Q2^4*R2^4*W2*Y2*Z2*B3^68*C3*D3*E3^4,
        C1^3 = G1*K1*N1*Q1^3*V1*W1*X1*Z1^-2*B2^4*C2^3*G2*I2*J2*K2*L2*M2*N2*O2^-2*P2^3*Q2^3*R2^3*V2*W2*Y2*B3^12*C3^2*D3^4*E3^2*F3^3,
        E1^5 = J1*T1*V1*Y1*Z1^2*B2^2*C2*G2*J2*K2*N2^48*P2^4*Q2^3*R2^4*W2*Y2*B3^34*C3^4*D3^2*E3^4*F3^4,
        F1^5 = I1*N1^4*X1*Z1*B2^2*C2^2*N2^49*R2^2*X2*A3*B3^78*F3^3,
        G1^2 = U1*L2*N2^17*X2*A3*B3^5*D3^3,
        H1^2 = M1*S1*V1*W1*Y1*Z1^-1*B2^4*C2^2*J2*K2*L2*N2^49*O2^-2*P2^2*Q2*R2^3*W2*Y2*Z2*A3*B3^78*C3^3*E3^4,
        I1^2 = N1^2*X1*Z1^4*B2^4*N2^25*R2*X2*B3^6*D3^2*F3^2,
        J1^2 = M1*S1*C2*G2*N2^49*P2^3*Q2^2*R2^2*X2*B3^32*C3^3*D3^3*F3^3,
        K1^2 = N1*B2*G2*N2^37*R2^4*X2*A3*B3^77*D3^4,
        L1^2 = O1*D2^2*K2*M2*O2^-2*P2*Q2^4*S2^3*V2*W2*Y2*Z2*B3^46*C3*E3^3*F3^2,
        M1^3 = S1*W1*Y1*C2*G2*J2*K2*N2^49*O2^-2*P2^4*Q2*R2^2*X2*Z2*B3^79*C3^3*D3^3,
        P1^5 = V1*H2*M2*O2^2*P2^2*Q2*V2*Z2*B3^96*C3*E3^4*F3,
        Q1^5 = G2*I2*N2^33*A3*B3^6*D3,
        R1^5 = T1*Z1^2*B2^2*C2^2*K2*N2^48*O2^6*Q2^2*R2*B3^10*C3^3*D3^4*E3^4,
        S1^2 = V2*X2*B3^59*D3^4,
        T1^2 = Z1*B2*C2*G2*K2*L2*M2*N2^23*O2^6*Q2^2*R2^3*W2*A3*B3^98*C3^2*D3*E3^3*F3^2,
        U1^2 = I2*X2*Y2*A3*B3^65,
        V1^2 = J2*Q2^3*V2*Z2*B3^96*C3^4*E3*F3^2,
        W1^2 = Y1*P2*V2*B3^74*E3^4,
        X1^2 = Z1*R2^2*Y2*A3*B3^98*D3^3*F3^3,
        Y1^2 = Z1*B2*C2*G2*L2*M2*N2^23*O2^2*P2*Q2^2*R2^3*W2*A3*B3^98*C3^2*D3*E3^2*F3^2,
        A2^3 = S2^3*W2*Z2*C3*E3^2*F3,
        B2^5 = N2^25*A3*B3^12*D3,
        C2^5 = G2*N2^2*Y2*B3^6*D3^2,
        D2^5 = H2*O2^2*P2^2*Q2^2*Z2*B3^96*E3*F3,
        E2^2,
        F2^2,
        G2^2 = N2*Y2*A3*B3^6*D3^4,
        H2^2 = O2*P2*Q2*V2*Z2*B3^47*C3*E3^3*F3^4,
        I2^2 = L2*D3,
        J2^2 = M2*C3^3,
        K2^2 = O2*E3^2,
        L2^2 = N2*A3*B3^2,
        M2^2 = O2*P2*Q2*V2*B3^47*C3^2*E3^3,
        N2^50 = X2*B3^81*D3,
        P2^5 = B3^50,
        Q2^5 = V2*B3^4,
        R2^5 = Y2*B3^2,
        S2^5 = W2*C3^4*F3^2,
        T2^2,
        U2^2,
        V2^2 = B3^2,
        W2^2 = C3^2*F3,
        X2^2 = A3,
        Y2^2 = B3,
        Z2^2 = C3^3*F3,
        A3^2 = B3*D3^4,
        B3^100,
        C3^5,
        D3^5,
        E3^5,
        F3^5,
        B^A           =: B*C,
        B^(A^-1)      =  B*C^-1,
        C^A           =  C,
        C^(A^-1)      =  C,
        C^B           =: C*D,
        C^(B^-1)      =  C*D^-1*E*G^-1*K*M^-2*N*P*S*U^2*V^-3*W^4*X^3*Y*Z*B1*C1*D1^-9*H1*I1*L1*M1*N1^-6*O1^-5*P1^3*Q1*R1^4*S1*V1*W1*Z1^-4*A2^2*B2*C2*D2^3*E2*G2*I2*J2*K2*M2*N2^7*O2^-20*P2^2*Q2^4*R2^4*S2^2*U2*W2*Y2*Z2*A3*B3*C3^4*D3*E3^2*F3^2,
        D^A           =  D*F*I^-1*W^3*A1*C1*D1^-1*E1^3*F1*G1*H1*J1*K1*M1^2*N1^-6*P1^2*T1*X1*Y1*Z1^-4*C2^2*D2^2*E2*F2*G2*I2*K2*N2^16*O2^-13*P2^3*Q2^2*Z2*B3^7*C3^3*D3*E3^4*F3,
        D^(A^-1)      =  D*F^-1*I*J*O*P^-2*C1*D1*E1^2*F1^4*G1*I1*J1*K1*M1^2*N1^-9*P1^3*Q1^3*U1*V1*Y1*Z1^-8*B2^2*C2^3*D2^3*E2*F2*G2*H2*I2*J2*M2*N2^46*O2^-8*Q2^3*R2*W2*X2*Z2*B3^74*C3*D3^2*E3^4*F3^2,
        D^B           =: D*E,
        D^(B^-1)      =  D*E^-1*G*Q^2*V^-2*X^3*B1*C1*D1^-5*E1^4*F1^4*G1*H1*I1*J1*K1*L1*M1*N1^-6*O1^-2*P1^2*Q1^2*U1*V1*Y1*Z1^-8*B2^4*C2^3*D2^4*E2*F2*G2*I2*J2*M2*N2^6*O2^-12*R2*T2*U2*V2*X2*Z2*B3^27*C3^3*D3^4*E3^3*F3,
        D^C           =  D*F*I^-1*W^3*A1*C1*D1^-1*E1^3*F1*G1*H1*J1*K1*M1^2*N1^-6*P1^2*T1*X1*Y1*Z1^-4*C2^2*D2^2*E2*F2*G2*I2*K2*N2^16*O2^-13*P2^3*Q2^2*Z2*B3^7*C3^3*D3*E3^4*F3,
        D^(C^-1)      =  D*F^-1*I*J*O*P^-2*C1*D1*E1^2*F1^4*G1*I1*J1*K1*M1^2*N1^-9*P1^3*Q1^3*U1*V1*Y1*Z1^-8*B2^2*C2^3*D2^3*E2*F2*G2*H2*I2*J2*M2*N2^46*O2^-8*Q2^3*R2*W2*X2*Z2*B3^74*C3*D3^2*E3^4*F3^2,
        E^A           =: E*F,
        E^(A^-1)      =  E*F^-1*J*L*O*P^-2*W^3*A1*C1*K1*N1^-8*Q1^2*U1*X1*Y1*B2^3*C2*E2*F2*G2*I2*J2*M2*N2^32*O2^-2*P2^2*Q2^3*R2^3*V2*W2*X2*Z2*B3^41*C3^3*E3*F3^2,
        E^B           =: E*G,
        E^(B^-1)      =  E*G^-1*Q^3*S*V^-4*X^3*Z*B1*C1*D1^-9*F1^4*G1*I1*K1*L1*M1*N1^-6*O1^-5*Q1^2*U1*W1*Z1^-5*B2^2*C2*E2*G2*H2*I2*J2*K2*L2*N2^5*O2^-4*P2*Q2*R2^3*S2*T2*V2*X2*Y2*Z2*A3*B3^98*C3*E3*F3^3,
        E^C           =  E*H*K*M^-3*N*O*P^-1*Q^3*R*V^-8*W^3*A1*D1^-5*K1*M1*N1^-9*O1^-1*P1^3*Q1^4*R1^2*S1*T1*U1*V1*W1*Y1*A2^2*B2^2*C2^3*D2^2*E2*F2*G2*H2*I2*K2*L2*M2*N2^21*O2^-17*P2*Q2^2*R2*S2^3*T2*W2*Z2*A3*B3^9*C3^4*D3^3*E3^4*F3^2,
        E^(C^-1)      =  E*H*I^-1*J*M^-1*O*P^-3*U*W*A1*C1*D1^-1*E1*F1*G1*I1*K1*M1^2*N1^-9*O1^-1*Q1^2*R1*U1*V1*W1*X1*Z1^-5*D2*I2*N2^35*O2^-8*Q2*R2^4*T2*U2*W2*Y2*A3*B3^68*C3*D3^2*E3*F3^2,
        E^D           =  E*K*M*P^-1*Q*S*T*U*V^-6*W*X*Y*Z*A1*B1*D1^-10*E1*H1*K1*L1*M1*N1^-2*O1^-5*P1^2*Q1^2*R1^4*U1*V1*Y1*Z1^-5*A2^2*B2^4*C2^3*D2^3*E2*F2*G2*L2*N2^25*O2^-21*P2*Q2^4*R2*S2*U2*W2*Z2*A3*B3^13*C3^4*D3^2*E3^3*F3^2,
        E^(D^-1)      =  E*K*M^-2*N*P*Q^3*S*U^2*V^-6*W^4*Y*C1*D1^-6*E1^2*F1^3*H1*N1^-8*P1^3*Q1^2*R1^3*S1*V1*W1*X1*Y1*Z1^-5*A2^2*B2^4*C2^2*D2*E2*F2*G2*I2*J2*M2*N2^5*O2^-19*P2^2*Q2^3*R2^4*S2^3*T2*V2*W2*X2*Y2*A3*B3^76*C3^3*E3^3*F3^4,
        F^A           =  F*J*L*O*P^-2*R*W^3*A1*C1*G1*K1*N1^-9*Q1^3*U1*V1*W1*X1*Z1*B2^4*C2*I2*J2*K2*L2*M2*N2^43*O2^-2*P2^4*Q2^4*R2*X2*Y2*B3^74*E3,
        F^(A^-1)      =  F*J*L^-2*P^-2*R*G1*H1*J1*K1*M1^2*N1^-4*Q1^4*Y1*B2^2*C2*E2*F2*G2*H2*I2*J2*K2*L2*M2*N2^41*O2^-4*Q2*R2*V2*Y2*Z2*A3*B3^15*C3^2*D3*E3^4,
        F^B           =: F*H,
        F^(B^-1)      =  F*H*I^-1*J*M^-3*N*O*P^-4*Q*T*V^-4*W^2*X^4*Z*D1^-7*E1*F1^2*I1*K1*N1^-10*O1^-6*P1*R1*T1*V1*W1*X1*Y1*Z1^-9*A2^2*B2^3*C2^4*D2*H2*I2*L2*N2^48*O2^-19*P2^3*Q2^2*R2^2*S2^3*U2*V2*X2*B3^82*C3^4*D3^3*E3,
        F^C           =  F*J*O*P^-3*R*U*W^3*A1*C1^2*G1*K1*N1^-10*Q1^4*U1*V1*W1*X1*Y1*Z1*B2*G2*I2*J2*K2*N2^3*O2^-4*P2*Q2^2*R2^4*V2*W2*B3^94*C3^3*E3^4*F3,
        F^(C^-1)      =  F*J*L^-1*P^-1*R*U^2*C1^2*G1*N1^-3*Z1*B2^4*C2^2*E2*F2*I2*J2*L2*N2^19*O2*Q2^2*R2^4*V2*X2*Y2*Z2*A3*B3^54*C3^3*D3^4*F3^3,
        F^D           =  F*O*P*S*T*U^2*W^4*C1*D1^-1*E1^2*F1^4*G1*H1*I1*N1^-14*P1^3*Q1^3*R1^2*T1*U1*W1*X1*Z1^-8*C2^2*D2^3*I2*M2*N2^28*O2^-17*P2^2*Q2*R2^2*T2*U2*W2*X2*B3^43*D3^2*F3,
        F^(D^-1)      =  F*O*P^-2*R*S*T*U*V^-3*Y*A1*B1*C1*D1^-4*E1^3*F1^2*I1*J1*K1*M1^2*N1^-9*P1*Q1^4*R1^3*T1*U1*W1*Z1^-9*B2^3*C2*D2*F2*I2*J2*K2*N2^27*O2^-23*P2*Q2^3*R2^3*U2*V2*Y2*B3^25*C3^4*D3*F3^2,
        F^E           =  F*S*T*W^3*C1*E1^4*F1^4*G1*I1*N1^-7*O1^2*Q1*R1*U1*X1*Z1^-8*G2*I2*J2*M2*N2^45*O2^-11*P2^2*Q2*R2^3*S2^4*T2*U2*V2*W2*X2*B3^69*C3^3*D3*E3*F3^2,
        F^(E^-1)      =  F*S*T*V^-3*W^2*Y*A1*B1*C1*D1^-5*E1*F1*G1*I1*K1*N1^-8*O1^-2*P1^4*Q1*R1^4*U1*V1*W1*X1*Y1*Z1^-8*B2^3*C2^4*D2^4*G2*H2*I2*M2*N2^46*O2^-26*P2^2*Q2*R2^3*S2*U2*Y2*A3*B3^48*D3^3*E3^3*F3^2,
        G^A           =: G*I,
        G^(A^-1)      =  G*I^-1*L*C1^2*G1*H1*J1*M1^2*N1^-1*Q1^4*V1*W1*X1*Y1*Z1^-1*B2*E2*G2*H2*I2*M2*N2^41*O2^-4*P2^2*Q2^2*R2*V2*W2*X2*Z2*A3*B3^21*C3*D3^4*E3^4*F3^3,
        G^B           =  G*Q^3*S*V^-4*X*Z*B1*C1*D1^-7*F1^4*G1*I1*K1*N1^-6*O1^-3*P1*Q1^2*R1*S1*U1*Z1^-5*B2^2*C2^2*D2^2*E2*F2*H2*I2*J2*L2*M2*N2^5*O2^-7*P2^3*S2^3*U2*V2*W2*X2*A3*B3^99*C3^2*D3^2*E3^3,
        G^(B^-1)      =  G*Q^2*V^-2*X^2*B1*C1*D1^-4*E1^4*F1^4*G1*H1*I1*J1*K1*L1*M1^2*N1^-6*O1^-2*P1^2*Q1^2*S1*T1*U1*W1*Y1*Z1^-9*B2^3*E2*F2*H2*I2*J2*K2*L2*N2^33*O2^-15*P2*Q2^4*R2^2*S2^2*U2*V2*W2*X2*B3^35*C3^4*F3,
        G^C           =  G*M^-1*P*U^2*V*W^2*A1*C1^2*E1^2*F1^4*G1*H1*K1*N1^-8*Q1^4*R1^4*S1*U1*W1*X1*Y1*Z1^-6*C2^3*H2*J2*K2*L2*N2^24*O2^-14*P2^4*Q2^3*W2*Z2*B3^84*D3*E3*F3,
        G^(C^-1)      =  G*M*P^-1*U*W^2*C1*E1^2*F1^2*G1*M1*N1^-5*R1^2*S1*V1*W1*Z1^-3*B2*C2^3*G2*I2*J2*K2*N2^37*O2^-8*P2^3*Q2^2*R2*T2*V2*X2*Y2*B3^8*C3^2*D3^3*E3*F3,
        G^D           =  G*Q^4*S*V^-5*D1^-6*E1*F1^4*I1*J1*N1^-5*P1*Q1^3*R1^4*U1*W1*X1*Y1*Z1^-9*B2*C2*D2^2*E2*H2*I2*K2*L2*M2*N2^20*O2^-16*P2*Q2*R2^3*T2*V2*W2*X2*Y2*A3*B3^11*D3*E3*F3^3,
        G^(D^-1)      =  G*Q*V^-1*C1^2*E1^3*F1^4*I1*M1*N1^-6*P1^4*Q1*R1*S1*W1*X1*Y1*Z1^-8*B2^3*C2^2*D2^2*E2*G2*J2*K2*N2^24*O2^-12*P2*Q2^4*R2*T2*V2*Y2*B3^11*C3^4*E3^3,
        G^E           =  G*X^4*Z*D1^-5*O1^-6*P1^4*R1^3*Y1*Z1^-2*B2^3*D2^4*K2*N2^26*O2^-12*P2^4*Q2*R2*S2^4*T2*U2*X2*B3^36*D3^2*E3^4,
        G^(E^-1)      =  G*X*D1^-1*M1^2*T1*V1*Z1^-1*B2^4*D2*J2*K2*L2*O2^-5*P2^3*Q2^4*R2*S2^4*T2*V2*W2*X2*Y2*A3*B3^92*C3^3*D3^2*E3^4*F3,
        G^F           =  G*D1^-1*E1^3*F1^3*I1*N1^-4*O1^-2*P1^3*Q1*R1*V1*Z1^-9*B2*D2^3*G2*H2*K2*M2*N2^25*O2^-12*P2*Q2^4*R2*S2*W2*Z2*B3^21*C3^4*E3^2*F3,
        G^(F^-1)      =  G*D1*E1^2*F1^2*J1*M1^2*N1^-2*O1^2*P1^2*Q1^4*R1^4*V1*W1*Y1*Z1^-4*B2*D2^2*H2*I2*K2*M2*N2^19*O2^-15*Q2^2*R2*S2^4*X2*B3^26*D3^4*E3^3,
        H^A           =: H*J,
        H^(A^-1)      =  H*J*L^-1*O*P^-4*U^2*W^3*A1*G1*H1*J1*K1*M1^2*N1^-10*Q1^4*V1*W1*B2*C2*E2*F2*G2*H2*J2*L2*M2*N2^19*O2^-3*P2^3*Q2*R2*W2*Y2*A3*B3^7*C3*D3^3*E3^2*F3^2,
        H^B           =: H*K,
        H^(B^-1)      =  H*K*M^-1*N*Q^2*T*V^-8*X*C1^2*D1^-5*F1^3*H1*I1*M1*N1^-5*O1^-2*P1*Q1^4*S1*U1*V1*Y1*Z1^-6*B2^4*D2^2*F2*G2*H2*I2*K2*M2*N2^19*O2^-12*R2^3*S2^2*T2*V2*W2*X2*Y2*Z2*A3*B3^44*F3^2,
        H^C           =  H*N*O*P^-2*R*U*V^-4*W^3*Y*C1^2*E1^2*F1^4*N1^-12*R1^3*S1*T1*X1*Z1^-5*C2^3*G2*M2*N2^15*O2^-16*P2^2*Q2^4*R2^4*T2*U2*V2*W2*X2*A3*B3^86*C3^4*D3^3*E3^2*F3^3,
        H^(C^-1)      =  H*N*O*P^-1*T*U^2*V^-1*W^2*Y*A1*E1^2*F1*G1*H1*K1*M1*N1^-9*R1*S1*V1*W1*Z1^-4*B2^3*C2^4*E2*H2*I2*J2*N2^5*O2^-12*P2*R2*V2*W2*X2*Y2*B3^53*C3^2*D3^4*F3^4,
        H^D           =  H*S*V^-1*W^2*A1*B1*C1^2*D1^-4*F1^3*I1*M1^2*N1^-10*P1*Q1^4*R1^4*W1*X1*Z1^-5*B2*D2*F2*H2*M2*N2^32*O2^-14*P2^4*Q2^4*R2^4*T2*V2*W2*Y2*Z2*A3*B3^94*C3^2*D3^2*E3^3*F3^3,
        H^(D^-1)      =  H*S*V^-1*W^3*D1^-1*E1*F1^2*I1*J1*K1*M1*N1^-5*P1^3*Q1^3*S1*T1*U1*W1*X1*Y1*Z1^-6*C2*D2^3*G2*J2*N2^18*O2^-12*P2^4*Q2^4*R2*V2*Y2*Z2*A3*B3^41*C3^3*D3^3*E3^4*F3^4,
        H^E           =  H*Z*B1*D1^-1*E1*F1^3*I1*J1*M1*N1^-4*O1^-3*Q1*R1^3*S1*Z1^-8*B2^2*C2^4*D2*G2*H2*J2*L2*M2*N2^47*O2^-11*P2^4*Q2^4*R2^3*S2*X2*Z2*A3*B3^13*D3*E3^3*F3^2,
        H^(E^-1)      =  H*Z*B1*D1^-2*E1^4*F1^2*H1*L1*M1*N1^-2*O1^-2*Q1^4*R1^2*S1*V1*W1*Y1*Z1^-5*C2*D2^2*G2*I2*K2*L2*N2^43*O2^-14*P2*Q2^4*R2^4*S2^4*W2*Z2*B3^70*C3^2*D3^4*E3*F3^3,
        H^F           =  H*H1*J1*K1*M1^2*N1^-1*Q1*Z1^-1*B2^2*C2*H2*K2*M2*N2^34*O2^-5*P2^3*Q2^4*R2*X2*Y2*A3*B3^38*C3*D3^3*E3^4,
        H^(F^-1)      =  H*H1*J1*K1*M1^2*Q1^4*V1*W1*Y1*Z1^-1*C2*H2*I2*L2*N2^19*O2^-1*Q2^3*R2^2*Z2*A3*B3^52*C3*D3^4*E3,
        H^G           =  H*O1*P1^2*R1^2*V1*Z1^-1*A2^2*B2^4*C2^2*D2^3*H2*J2*L2*M2*N2^49*O2^-6*P2^4*Q2^3*V2*A3*B3^9*C3*D3^4*E3^4*F3^2,
        H^(G^-1)      =  H*O1^-1*P1^3*R1^3*T1*Z1^-2*A2*B2^3*D2^2*H2*N2^26*O2^-15*P2^3*Q2^3*R2*S2^2*V2*W2*Y2*B3^59*C3^2*D3^3*E3^2*F3,
        I^A           =: I*L,
        I^(A^-1)      =  I*L^-1*C1*H1*J1*K1*M1^2*N1^-1*Q1^3*U1*V1*W1*Y1*Z1^-1*B2*C2^3*E2*G2*H2*I2*M2*N2^4*O2^-4*P2^4*R2^4*V2*W2*Z2*B3^93*C3^4*D3^4*E3*F3^4,
        I^B           =: I*M,
        I^(B^-1)      =  I*M^-1*Q*X^4*Z*D1^-6*M1^2*O1^-5*P1^4*R1^3*T1*V1*Y1*Z1^-3*A2^2*B2^2*D2^2*J2*L2*M2*N2*O2^-15*P2^3*Q2^4*R2^2*S2^4*U2*X2*Y2*A3*B3^23*C3^3*E3^3*F3^3,
        I^C           =  I*P^-1*U*C1*U1*B2*C2^4*G2*I2*L2*N2^24*O2^-1*P2*R2^3*X2*Y2*A3*B3^50*C3^2*D3*E3^2*F3,
        I^(C^-1)      =  I*P*U^2*G1*K1*Q1^3*X1*Z1^-1*B2^4*C2^3*E2*I2*N2^44*O2*P2*Q2^3*R2^3*V2*A3*B3^38*C3*D3^4*F3^2,
        I^D           =  I*W^4*A1*D1*E1^2*F1^2*G1*H1*I1*M1^2*N1^-8*P1^3*Q1^4*U1*X1*Z1^-4*B2*C2^2*D2^3*G2*J2*K2*M2*N2^41*O2^-7*Q2^3*V2*Y2*Z2*A3*B3^63*E3*F3^3,
        I^(D^-1)      =  I*W*C1^2*D1^-1*E1^3*F1^3*G1*I1*K1*N1^-7*P1^2*Q1^3*T1*U1*V1*W1*X1*Y1*Z1^-7*B2^3*C2^2*D2^2*H2*I2*K2*L2*M2*N2^14*O2^-12*Q2^3*Y2*Z2*B3^10*D3^4*E3^3,
        I^E           =  I*D1*E1^2*F1*J1*M1^2*O1^2*P1^2*Q1^2*R1^4*U1*V1*W1*Y1*Z1^-5*B2^3*C2^3*D2^2*F2*G2*H2*I2*J2*K2*N2^21*O2^-15*P2^4*R2^2*S2^4*V2*Z2*B3^15*C3^3*D3*E3^3*F3^2,
        I^(E^-1)      =  I*D1^-1*E1^3*F1^4*I1*N1^-6*O1^-2*P1^3*Q1^3*R1*U1*V1*Z1^-8*B2^4*C2^2*D2^3*F2*G2*H2*I2*J2*K2*L2*M2*N2^44*O2^-12*P2^2*Q2*S2*W2*X2*Y2*A3*B3^9*C3^3*D3^2*E3^2*F3^4,
        I^F           =  I*N1^-1*Q1^2*U1*Z1*B2^3*C2^2*F2*G2*I2*J2*N2^44*P2*Q2^2*R2^3*V2*X2*Y2*Z2*B3^54*D3^3*E3^3*F3^2,
        I^(F^-1)      =  I*N1*Q1^3*U1*Z1^-1*B2^2*C2^3*F2*G2*I2*J2*M2*N2^43*O2^-1*P2^3*Q2^2*R2^2*V2*X2*Z2*A3*B3^85*C3^2*E3^4*F3^2,
        I^G           =  I*O1^2*P1^4*R1^4*Z1^-1*C2*D2^4*F2*O2^-12*P2^3*Q2*R2^2*S2^4*X2*B3^26*C3^4*D3*F3^4,
        I^(G^-1)      =  I*O1^-2*P1*R1*T1*V1*Z1^-2*B2^2*C2*D2*F2*J2*L2*M2*O2^-8*Q2*R2^4*S2*X2*B3^20*C3*D3^3*E3*F3,
        I^H           =  I*F2*G2*J2*M2*N2^25*O2*P2^4*Q2^4*R2^4*V2*X2*Z2*A3*B3^22*D3^3*E3^3*F3,
        J^A           =  J*R*A1*K1*N1^-2*Q1^3*U1*V1*W1*X1*Y1*B2*G2*I2*K2*L2*M2*N2^46*O2^-3*P2^4*Q2^4*V2*Y2*Z2*A3*B3^92*C3^4*D3^2*E3^4*F3^3,
        J^(A^-1)      =  J*R*U*C1*G1*N1^-1*Q1^2*V1*W1*Y1*B2^3*C2^2*E2*G2*K2*L2*M2*N2^44*O2^-3*P2^4*Q2^4*R2^3*V2*X2*Y2*Z2*B3^24*C3^4*E3^4*F3^4,
        J^B           =: J*N,
        J^(B^-1)      =  J*N*P^-2*S*T*V^-5*W*Y*Z*D1^-2*E1^4*F1^4*I1*J1*L1*M1*N1^-6*O1^-4*P1*Q1^2*R1^4*S1*T1*V1*Y1*Z1^-14*A2^2*B2^4*C2^4*D2*H2*K2*M2*N2^34*O2^-29*P2*S2^3*U2*V2*W2*Z2*B3^79*C3^2*D3^2*E3*F3^4,
        J^C           =  J*R*A1*H1*J1*M1^2*N1^-2*Q1*X1*Y1*B2^3*G2*H2*I2*J2*K2*M2*N2^48*O2^-4*P2^3*Q2^3*X2*Z2*B3^18*C3^4*D3^3*E3^2*F3^3,
        J^(C^-1)      =  J*R*U*C1*G1*H1*J1*K1*M1^2*N1^-1*Q1^4*V1*W1*Y1*Z1^-1*E2*H2*I2*M2*N2^7*O2^-4*P2*Q2^3*R2^3*W2*Z2*A3*B3^11*C3^2*D3*E3^3*F3^4,
        J^D           =  J*A1*C1*I1*K1*N1^-3*U1*V1*W1*Y1*Z1^-2*C2^3*I2*J2*K2*L2*N2^13*O2^-2*P2*Q2*R2*W2*X2*A3*B3^61*C3^3*E3^4*F3^4,
        J^(D^-1)      =  J*A1*C1*I1*N1^-1*Q1^4*Z1^-2*B2^2*C2^4*G2*J2*L2*N2^25*O2^-1*P2^3*Q2^3*R2^3*V2*W2*Z2*B3^27*C3*D3^4*F3,
        J^E           =  J*H1*I1*J1*M1^2*U1*V1*W1*Y1*Z1^-4*B2^4*C2^4*F2*H2*L2*N2^48*O2^-1*P2^4*Q2^4*Z2*A3*B3^48*C3^2*D3*F3,
        J^(E^-1)      =  J*H1*I1*J1*M1^2*N1^-2*U1*X1*Z1^-3*C2^3*F2*G2*H2*I2*K2*M2*N2^23*O2^-5*P2^4*Q2^3*R2^4*B3^87*D3^3*F3^4,
        J^F           =  J*U1*F2*N2^13*V2*Y2*A3*B3^97*D3^2,
        J^(F^-1)      =  J*U1*F2*I2*L2*N2^36*V2*B3^50*D3^3,
        J^G           =  J*Z1*B2^2*C2^2*F2*G2*J2*M2*N2^48*O2*P2^4*Q2^4*R2^2*V2*X2*Y2*Z2*A3*B3^27*D3^3*E3^3*F3^3,
        J^(G^-1)      =  J*Z1^-1*B2^3*C2^3*F2*J2*N2^24*O2^-2*R2^3*V2*X2*Z2*A3*B3^75*C3^2*D3*E3^4*F3,
        J^H           =  J*F2*G2*N2^25*V2*Y2*B3^82,
        J^I           =  J*N2*X2*A3*B3*D3^3,
        J^(I^-1)      =  J*N2^49*B3^17*D3^2,
        K^A           =: K*O,
        K^(A^-1)      =  K*O*P^-1*R*U^2*W^4*C1*F1*G1*H1*I1*J1*K1*M1^2*N1^-15*Q1^2*Z1^-1*B2^2*C2*E2*H2*I2*K2*N2^34*O2^-2*P2^2*Q2*R2^4*V2*X2*Y2*B3^39*C3^2*D3^4*F3^2,
        K^B           =  K*Q^3*S*V^-4*X^3*B1*C1*D1^-6*F1^4*G1*I1*K1*M1^2*N1^-6*Q1^2*S1*U1*Z1^-5*B2^2*C2^4*D2*E2*F2*I2*L2*N2^4*O2^-3*Q2*R2^4*S2^2*T2*U2*V2*W2*X2*A3*B3^91*C3*F3^4,
        K^(B^-1)      =  K*Q^2*V^-2*Z*B1*C1*D1^-5*E1^4*F1^4*G1*H1*I1*J1*K1*L1*N1^-6*O1^-3*P1^3*Q1^2*R1*S1*T1*U1*W1*Y1*Z1^-9*A2*B2^3*C2^3*D2^3*E2*F2*G2*I2*K2*L2*N2^31*O2^-18*Q2^2*R2^3*T2*U2*W2*X2*Y2*Z2*A3*B3^27*C3^3*D3^2*F3,
        K^C           =  K*T*V^-1*W^3*Y*C1^2*E1^2*H1*J1*M1*N1^-3*Q1^2*R1*S1*W1*X1*Z1^-3*B2*C2^3*E2*G2*H2*J2*L2*N2^20*O2^-12*P2^2*V2*Z2*B3^93*C3^3*D3^4*F3^4,
        K^(C^-1)      =  K*T*W^2*A1*E1^2*I1*M1*N1^-6*Q1^4*S1*T1*U1*V1*W1*Y1*Z1^-5*B2^3*C2*E2*I2*J2*K2*L2*M2*N2^7*O2^-12*P2^3*Q2^4*R2^3*T2*W2*X2*Y2*B3^44*C3^3*D3^4*E3^4,
        K^D           =  K*B1*D1^-1*E1*F1^2*H1*M1*N1^-2*Q1^4*R1^4*S1*T1*Z1^-5*C2*D2^3*G2*H2*I2*K2*L2*N2^43*O2^-16*P2^2*R2^2*V2*X2*C3^4*D3^4,
        K^(D^-1)      =  K*B1*E1^4*F1^3*I1*J1*M1*N1^-4*P1^4*Q1*R1*S1*T1*W1*Y1*Z1^-9*B2*C2^3*D2^3*H2*M2*N2^24*O2^-21*P2^3*Q2^3*R2^3*V2*W2*Y2*A3*B3^40*C3^4*E3^3*F3^4,
        K^E           =  K*L1*O1^-1*P1^4*R1*T1*V1*Z1^-1*B2^4*C2^3*D2^3*G2*J2*L2*N2^48*O2^-13*P2^4*Q2^3*R2^3*S2^4*V2*Y2*Z2*A3*B3^7*C3*D3^2*E3^2*F3^3,
        K^(E^-1)      =  K*L1*P1*R1^4*Z1^-2*B2^3*C2^4*K2*N2^24*O2^-6*P2^3*R2^3*S2^3*V2*A3*B3^45*C3^4*E3^4*F3,
        K^F           =  K*V1*W1*Y1*Z1^-1*B2^4*C2*G2*J2*K2*L2*M2*N2^49*O2^-4*P2^2*R2^3*V2*Y2*A3*B3^29*C3^3*D3^2*F3,
        K^(F^-1)      =  K*V1*W1*C2^3*G2*K2*M2*N2^48*O2^-1*P2^4*Q2^3*R2^4*V2*W2*X2*Z2*B3^7*C3^4*D3^2*F3^3,
        K^G           =  K*A2*D2*H2*O2^-1*P2^4*Q2^3*S2*V2*W2*Z2*B3^97*C3^3*F3,
        K^(G^-1)      =  K*A2^2*D2^4*O2^-2*P2^3*Q2^4*S2*W2*B3^48*C3*E3^4*F3^2,
        K^H           =  K*J2*M2*O2^-1*R2^3*Y2*Z2*B3^99*C3^4*D3*E3^3*F3^2,
        K^I           =  K*M2*O2^-1*P2*Q2*R2*V2*B3^98*C3*D3*E3^4,
        K^(I^-1)      =  K*M2*P2^3*Q2^3*R2^4*V2*Y2*B3^94*C3^2*D3^4*E3^3,
        K^J           =  K*Y2*B3^49*D3^4,
        L^A           =  L*C1*H1*J1*K1*M1^2*N1^-1*Q1^3*V1*W1*Y1*Z1^-1*B2*C2^3*H2*M2*N2^34*O2^-4*P2^4*R2^4*V2*W2*Y2*Z2*B3^41*C3^4*D3^2*E3*F3^4,
        L^(A^-1)      =  L*C1^2*G1*H1*J1*M1^2*N1^-1*Q1^4*V1*W1*X1*Y1*Z1^-1*B2*E2*G2*H2*I2*M2*N2^43*O2^-4*P2^2*Q2^2*R2*V2*W2*X2*Z2*A3*B3^21*C3*D3^3*E3^4*F3^3,
        L^B           =  L*P^2*V*W^4*A1*C1^2*E1^4*F1*H1*I1*K1*M1^2*N1^-9*R1*T1*U1*W1*Y1*Z1^-5*H2*I2*M2*N2^3*O2^-13*Q2^4*R2^3*V2*X2*Y2*B3^87*C3^3*D3^3*E3^3*F3^4,
        L^(B^-1)      =  L*P^-2*V*W*D1^-1*F1^4*I1*N1^-6*O1*Q1^2*Z1^-5*A2^2*B2^3*C2^2*L2*N2^5*O2^-1*P2*S2^2*Z2*B3^17*C3^3*D3^3*E3^3*F3,
        L^C           =  L*U^2*G1*K1*X1*Z1^-1*B2^3*C2*G2*I2*L2*N2^26*P2*Q2^4*R2^4*B3^89*C3^4*D3*E3*F3^3,
        L^(C^-1)      =  L*U*E2*N2^25*X2*Y2*B3^43*D3^2,
        L^D           =  L*N1^2*Q1*Z1^-1*B2*C2^3*E2*F2*G2*I2*J2*L2*M2*N2^13*O2^-1*P2*Q2^4*R2*V2*Z2*B3^46*C3^4*D3^3*E3^2*F3^2,
        L^(D^-1)      =  L*N1^-2*Q1^4*Z1*B2^4*C2^2*E2*F2*G2*J2*N2^24*P2^3*R2^4*V2*Z2*B3^45*C3^3*F3^2,
        L^E           =  L*N1^2*Z1*C2^2*F2*J2*M2*N2^23*O2^-1*P2*Q2^4*V2*X2*Z2*B3^58*C3^4*D3^4*E3^2*F3,
        L^(E^-1)      =  L*N1^-2*Z1^-1*C2^3*F2*G2*J2*N2^24*P2^3*V2*Z2*B3^42*C3^3*F3^3,
        L^F           =  L*N2^3*X2,
        L^(F^-1)      =  L*N2^47*A3*B3^18,
        L^G           =  L*Z1^2*B2^4*C2^4*N2^47*R2^4*X2*A3*B3^6*D3^2*F3^4,
        L^(G^-1)      =  L*Z1^-2*B2*C2*G2*N2^25*R2*X2*Y2*A3*B3*D3^2*F3,
        L^H           =  L*N2*A3*B3^3*D3^2,
        L^I           =  L*N2^2*D3^4,
        L^(I^-1)      =  L*N2^48*X2*A3*B3^18*D3,
        L^J           =  L,
        L^K           =  L*B3*D3^2,
        M^A           =: M*P,
        M^(A^-1)      =  M*P^-1*U*E2*N2^25*X2*Y2*B3^42,
        M^B           =: M*Q,
        M^(B^-1)      =  M*Q^4*S*V^-6*X*C1^2*D1^-6*E1^4*F1^3*I1*J1*M1*N1^-5*O1^-1*P1^4*Q1^4*R1^2*S1*T1*U1*Y1*Z1^-8*A2*B2^2*D2^4*F2*G2*I2*K2*M2*N2^20*O2^-20*P2^4*Q2^2*R2^3*T2*V2*W2*B3^90*C3^3*D3*E3*F3^3,
        M^C           =  M*V^-1*W*C1*E1*F1^4*I1*M1*N1^-7*Q1*R1^4*T1*Y1*Z1^-8*C2*E2*G2*I2*N2^8*O2^-14*P2^3*Q2^4*R2^4*T2*V2*Y2*A3*B3^43*C3^4*D3^3*E3^2*F3,
        M^(C^-1)      =  M*V*W^4*A1*C1*E1^4*F1*H1*I1*K1*M1^2*N1^-9*Q1^4*R1*T1*W1*Y1*Z1^-5*B2^2*C2^2*E2*G2*H2*M2*N2^21*O2^-14*P2^4*Q2*R2^2*X2*Y2*A3*B3^69*C3^2*D3^4*E3^3,
        M^D           =  M*D1^-1*E1^2*F1^4*I1*M1*N1^-6*P1^2*Q1^3*R1*T1*U1*Y1*Z1^-8*C2^3*D2^2*G2*H2*I2*N2^44*O2^-13*Q2^2*V2*W2*B3^91*C3^2*F3,
        M^(D^-1)      =  M*D1*E1^3*F1*J1*M1*P1^3*Q1^2*R1^4*T1*U1*W1*Z1^-6*B2*C2*D2^3*H2*I2*J2*K2*N2^23*O2^-21*P2*Q2^4*R2*V2*X2*A3*B3^88*C3^2*D3^4*E3^4,
        M^E           =  M*O1^-1*P1^3*R1^2*T1*Z1^-2*B2^2*D2^2*F2*G2*H2*J2*L2*O2^-11*P2^4*Q2^2*R2^2*S2*V2*W2*Y2*B3^94*C3^2*D3^2*E3^3,
        M^(E^-1)      =  M*O1*P1^2*R1^3*V1*Z1^-1*C2^2*D2^3*F2*G2*H2*M2*N2^49*O2^-10*P2^3*Q2^4*R2^4*S2^4*V2*W2*X2*Z2*A3*B3^58*C3^2*D3^3*F3^4,
        M^F           =  M*Y1*Z1^-1*B2^4*C2^3*F2*J2*L2*N2^23*O2^-3*W2*Y2*Z2*A3*B3^49*D3^4*E3^2*F3^3,
        M^(F^-1)      =  M*Y1*C2*F2*J2*N2^25*P2^3*Q2^2*R2^2*Z2*B3^55*C3^3*D3^4*E3^3*F3^3,
        M^G           =  M*A2^2*D2^2*P2*Q2^4*U2*V2*Z2*B3^45*C3*F3^4,
        M^(G^-1)      =  M*A2*D2^3*H2*O2^-3*P2*Q2^3*S2^2*U2*B3^50*E3^4,
        M^H           =  M*M2*O2^-1*P2*Q2*R2*U2*B3^50*C3^4*D3*E3^3*F3^3,
        M^I           =  M*O2^-1*P2^3*Q2^3*R2^2*V2*B3^46*E3^4*F3,
        M^(I^-1)      =  M*O2*P2^2*Q2^2*R2^3*Y2*B3^95*E3*F3^4,
        M^J           =  M*B3^99*D3^3,
        M^K           =  M,
        M^L           =  M*B3^98*D3,
        M^(L^-1)      =  M*B3^2*D3^4,
        N^A           =: N*R,
        N^(A^-1)      =  N*R*U*A1*C1*G1*K1*N1^-3*X1*Y1*Z1*C2^3*E2*J2*M2*N2^42*O2^-2*P2*Q2^4*R2*V2*W2*Y2*Z2*B3^71*C3^4*F3^2,
        N^B           =: N*S,
        N^(B^-1)      =  N*S*V^-2*Z*B1*D1^-5*E1*H1*O1^-1*P1^4*R1^4*T1*V1*Z1^-3*A2*B2^2*C2*G2*J2*L2*M2*O2^-19*P2^2*Q2^2*R2^4*S2^4*Y2*Z2*A3*B3^15*D3^2*E3^3,
        N^C           =  N*Y*A1*C1*H1*J1*M1*N1*Q1^4*U1*V1*X1*Z1^-2*B2^4*C2^4*E2*G2*H2*J2*K2*L2*M2*N2^38*O2^-3*Q2^2*R2^4*T2*X2*B3^99*C3^3*D3^3*F3^3,
        N^(C^-1)      =  N*Y*A1*G1*H1*N1^-2*Q1*X1*Y1*B2^3*C2^3*E2*G2*H2*J2*K2*L2*M2*N2^9*O2^-4*P2^3*R2*V2*X2*Y2*Z2*A3*B3^86*C3^4*D3*E3^3*F3^2,
        N^D           =  N*H1*I1*M1*N1^-2*U1*V1*X1*Y1*Z1^-3*B2*C2*H2*I2*J2*K2*L2*M2*N2^49*O2^-5*Q2^4*R2^2*A3*B3^30*D3^3*E3*F3,
        N^(D^-1)      =  N*H1*I1*M1*U1*Z1^-3*B2^4*C2^4*G2*H2*K2*L2*M2*N2^47*O2^-1*P2^2*Q2^3*R2^4*V2*W2*X2*Y2*A3*B3^87*C3^3*D3^4,
        N^E           =  N*T1*V1*Z1^-1*B2^3*C2^3*F2*K2*N2^24*O2^-6*P2*R2^3*W2*Y2*Z2*B3^52*C3^2*D3^4*E3,
        N^(E^-1)      =  N*T1*V1*B2*C2*F2*J2*L2*N2^24*O2^-2*P2^3*Q2^4*R2^4*Y2*A3*B3^47*C3^2*D3^4*F3^4,
        N^F           =  N*F2*G2*N2^24*V2*Y2*A3*B3^77*D3,
        N^(F^-1)      =  N*F2*G2*N2^25*V2*X2*A3*B3^31*D3,
        N^G           =  N*O2*P2^2*Q2^2*U2*V2*B3^96*C3^3*E3^2*F3^3,
        N^(G^-1)      =  N*O2^-1*P2^3*Q2^3*U2*B3^48*C3^2*E3^3*F3^2,
        N^H           =  N*U2*V2*Y2*B3^99*D3^4,
        N^I           =  N*B3*D3^3,
        N^(I^-1)      =  N*B3^99*D3^2,
        O^A           =  O*U^2*A1*C1*G1*H1*J1*K1*M1^2*N1^-1*Q1^4*V1*W1*Y1*Z1^-1*B2*G2*H2*I2*L2*M2*N2^15*O2^-4*P2^4*R2^4*V2*W2*Y2*Z2*A3*B3^64*C3^4*D3^2*E3*F3^4,
        O^(A^-1)      =  O*U*A1*C1*H1*J1*K1*M1^2*N1^-1*U1*V1*W1*Y1*Z1^-1*B2*H2*L2*M2*N2*O2^-4*P2^4*R2^4*V2*W2*X2*Y2*Z2*A3*B3^95*C3^4*D3^4*E3*F3^4,
        O^B           =: O*T,
        O^(B^-1)      =  O*T*V^-1*Y*B1*E1^4*J1*L1*M1^2*O1^-1*R1*T1*W1*Z1^-8*A2^2*B2^2*C2*D2^3*G2*H2*M2*N2^3*O2^-22*Q2^2*R2^4*S2^4*T2*V2*Y2*B3^75*C3^2*D3*E3^4*F3^4,
        O^C           =  O*A1*C1^2*K1*N1^-2*Q1^3*U1*V1*W1*X1*Y1*C2^2*G2*K2*M2*N2^15*O2^-3*P2*Q2^2*R2^4*V2*Y2*Z2*A3*B3^90*C3^2*D3*E3*F3^3,
        O^(C^-1)      =  O*A1*Q1*U1*B2*G2*N2^26*P2^3*Q2^2*R2*X2*B3^58*C3^2*D3^3*E3^3,
        O^D           =  O*K1*N1^-1*U1*V1*W1*B2^3*C2^2*G2*K2*N2^36*O2^-1*Q2*R2*V2*W2*Y2*Z2*B3^58*C3^3*D3*E3*F3^3,
        O^(D^-1)      =  O*K1*U1*V1*W1*Y1*Z1^-1*C2^2*I2*J2*K2*N2^24*O2^-3*P2^2*Q2^3*R2^2*Y2*A3*B3^32*C3*D3^4*E3^2*F3,
        O^E           =  O*V1*W1*X1*Z1^-1*B2^4*C2^4*I2*K2*M2*N2^48*O2^-1*P2^4*Q2^3*R2^2*V2*W2*X2*Z2*A3*B3^52*C3^4*F3^2,
        O^(E^-1)      =  O*V1*W1*X1*Y1*Z1^-1*I2*J2*K2*M2*O2^-4*P2^2*R2^3*V2*X2*Y2*B3^73*C3^3*F3^4,
        O^F           =  O*I2*L2*N2^24*X2*Y2*A3*B3^57*D3^3,
        O^(F^-1)      =  O*I2*N2^25*Y2*A3*B3^57*D3^2,
        O^G           =  O*M2*P2^3*Q2^3*V2*Y2*A3*B3^95*C3^2*D3^3*E3^3*F3^2,
        O^(G^-1)      =  O*M2*O2^-1*P2*Q2*V2*Y2*A3*B3^98*C3*D3^3*E3^4*F3^3,
        O^H           =  O*X2*Y2*A3*B3^49*D3^4,
        O^I           =  O*A3*D3^2,
        O^(I^-1)      =  O*A3*B3^99*D3^4,
        P^A           =: P*U,
        P^(A^-1)      =  P*U^2*G1*K1*X1*Z1^-1*B2^3*C2*E2*G2*N2^10*P2*Q2^4*R2^4*Y2*B3^85*C3^4*D3^2*E3*F3^3,
        P^B           =: P*V,
        P^(B^-1)      =  P*V^-1*D1*O1^-1*A2,
        P^C           =  P*C1^2*G1*K1*N1^-2*Q1^4*V1*W1*X1*Y1*B2^2*G2*I2*K2*L2*M2*N2^44*O2^-3*P2^2*Q2*R2*X2*Z2*A3*B3^7*C3*D3^2*E3^2*F3^3,
        P^(C^-1)      =  P*C1*Q1^3*U1*B2^2*C2*E2*G2*L2*N2^2*P2*Q2^4*R2^2*X2*B3^19*C3^4*D3^4*E3,
        P^D           =  P*N1^-1*Y1*B2^3*C2^2*E2*F2*I2*J2*N2^24*O2^-1*P2^4*Q2^2*R2^2*X2*Z2*A3*B3^39*D3^4*F3^4,
        P^(D^-1)      =  P*N1*Y1*Z1^-1*B2*C2^2*E2*F2*I2*J2*N2^24*O2^-2*P2^4*W2*X2*Y2*Z2*B3^13*C3^3*D3^3*F3^2,
        P^E           =  P*Y1*Z1^-1*B2^3*C2^3*F2*G2*J2*L2*N2^23*P2^3*Q2^2*R2^4*Y2*Z2*A3*B3^41*C3^3*E3^3*F3^4,
        P^(E^-1)      =  P*Y1*B2*C2*F2*G2*J2*N2^24*O2^-3*R2^3*W2*Z2*A3*B3^53*E3^2*F3^2,
        P^F           =  P*L2*N2^49*B3^19*D3^2,
        P^(F^-1)      =  P*L2*X2*B3^97*D3^3,
        P^G           =  P*O2*P2^2*Q2^2*B3^97*E3*F3,
        P^(G^-1)      =  P*O2^-1*P2^3*Q2^3*V2*B3^47*E3^4*F3^4,
        P^H           =  P*A3*D3^2,
        P^I           =  P*B3*D3^3,
        P^(I^-1)      =  P*B3^99*D3^2,
        Q^A           =: Q*W,
        Q^(A^-1)      =  Q*W^4*A1*C1^2*H1*I1*J1*K1*M1^2*N1^-9*Q1^2*U1*V1*W1*B2^3*C2*G2*H2*I2*J2*L2*M2*N2^31*O2^-3*P2*Q2^3*R2*V2*W2*X2*B3^77*C3^3*D3^3*F3^3,
        Q^B           =: Q*X,
        Q^(B^-1)      =  Q*X^4*Z*D1^-6*M1^2*O1^-5*P1^4*R1^3*T1*V1*Y1*Z1^-3*A2^2*B2^2*D2^2*J2*L2*M2*N2*O2^-15*P2^3*Q2^4*R2^2*S2^4*U2*X2*Y2*A3*B3^23*C3^3*E3^3*F3^3,
        Q^C           =  Q*E1^4*F1*J1*M1^2*Q1^2*R1*T1*U1*V1*W1*Y1*Z1^-6*B2^2*C2^3*G2*I2*J2*K2*L2*M2*N2^21*O2^-14*P2^4*R2^4*V2*X2*Y2*B3^21*D3^4*E3*F3^2,
        Q^(C^-1)      =  Q*E1*F1^4*I1*N1^-6*Q1^3*R1^4*T1*U1*Z1^-8*B2^3*C2*G2*I2*L2*M2*N2^20*O2^-13*Q2^4*W2*X2*B3^11*E3*F3^3,
        Q^D           =  Q*P1^4*R1^2*V1*Z1^-1*C2^3*D2^2*H2*J2*N2^49*O2^-8*Q2^2*R2*V2*Z2*B3^38*C3^3*D3^3*F3^2,
        Q^(D^-1)      =  Q*P1*R1^3*T1*Z1^-2*B2^2*C2^4*D2^3*G2*H2*L2*M2*N2^48*O2^-13*P2^2*Q2^4*V2*W2*Y2*A3*B3^79*C3^3*D3^4*E3^3,
        Q^E           =  Q*D2*O2^-2*P2*S2^4*Z2*B3^52*C3^4*E3^3*F3^4,
        Q^(E^-1)      =  Q*D2^4*H2*O2^-1*P2*Q2^2*S2*W2*Z2*B3^49*C3^3*E3^3*F3,
        Q^F           =  Q*P2^3*Q2^2*R2^4*Y2*B3^94*C3^3*D3^4*E3*F3,
        Q^(F^-1)      =  Q*P2^2*Q2^3*R2*V2*B3^47*C3^2*D3*E3^4*F3^4,
        Q^G           =  Q*S2^2*C3^2,
        Q^(G^-1)      =  Q*S2^3*W2*C3^2*F3^2,
        Q^H           =  Q*C3^2*E3*F3^2,
        Q^I           =  Q*C3^4*E3^2*F3^4,
        Q^(I^-1)      =  Q*C3*E3^3*F3,
        R^A           =  R*G1*U1*I2*N2^16*Y2*A3*B3^71*D3^2,
        R^(A^-1)      =  R*G1*E2*N2^16*X2*B3^72*D3,
        R^B           =: R*Y,
        R^(B^-1)      =  R*Y*C1^2*H1*J1*M1^2*N1^-1*Q1^3*U1*W1*Z1^-1*C2^4*I2*N2^19*O2^-2*P2*R2*V2*X2*Y2*Z2*A3*B3^7*C3^4*D3^2,
        R^C           =  R*G1*G2*N2^37*B3^44*D3^3,
        R^(C^-1)      =  R*G1*U1*E2*G2*I2*N2^44*B3^12,
        R^D           =  R*E2*F2*G2*N2^37*V2*Y2*A3*B3^35*D3,
        R^(D^-1)      =  R*E2*F2*G2*N2^12*V2*X2*A3*B3^73*D3,
        R^E           =  R*F2*V2*Y2*A3*B3^23*D3^3,
        R^(E^-1)      =  R*F2*V2*Y2*A3*B3^73*D3^3,
        R^F           =  R,
        R^(F^-1)      =  R,
        R^G           =  R,
        R^(G^-1)      =  R,
        S^A           =  S*A1*C1^2*H1*I1*J1*K1*M1^2*Q1^3*U1*V1*W1*Y1*Z1^-3*B2*G2*H2*I2*L2*M2*N2^19*O2^-4*P2^4*V2*W2*X2*Y2*Z2*A3*B3^68*C3^4*D3^4*E3,
        S^(A^-1)      =  S*A1*H1*I1*J1*M1^2*N1^-4*Q1*V1*W1*Y1*Z1^-3*B2^4*C2^4*G2*H2*M2*N2^28*O2^-4*P2^3*Q2*R2*W2*X2*Z2*B3^34*D3^2,
        S^B           =: S*Z,
        S^(B^-1)      =  S*Z*D1^-2*L1*O1^-4*P1*A2^2*D2*H2*K2*O2^-2*P2*Q2^3*S2^3*W2*Y2*B3^48*C3*E3^3*F3^4,
        S^C           =  S*I1*J1*U1*V1*Z1^-2*B2^4*C2*G2*J2*L2*N2^23*O2^-1*R2^2*B3^58*C3^2*D3^4*E3^3*F3,
        S^(C^-1)      =  S*I1*J1*M1^2*N1^-2*U1*V1*W1*X1*Z1^-4*B2*C2*I2*J2*K2*L2*M2*O2^-2*P2^4*R2^3*W2*A3*B3^69*C3*D3^3*E3^2,
        S^D           =  S*V1*B2*C2*H2*K2*L2*M2*N2^24*O2*P2^4*Q2^3*R2^4*W2*X2*B3^73*C3^4*E3^3,
        S^(D^-1)      =  S*V1*B2^4*C2^4*G2*H2*J2*K2*L2*N2^47*O2^-4*P2^4*Q2^2*R2*V2*W2*X2*Y2*A3*B3^28*C3*D3^4*E3^3*F3^2,
        S^E           =  S*H2*O2^-2*P2*Q2*V2*Z2*B3^50*C3^4*E3*F3^2,
        S^(E^-1)      =  S*H2*O2*P2^3*Q2^3*V2*B3^45*C3^2*E3*F3^3,
        S^F           =  S*Y2*B3^48*D3,
        S^(F^-1)      =  S*Y2*B3^51*D3^4,
        S^G           =  S*C3*F3,
        S^(G^-1)      =  S*C3^4*F3^4,
        T^A           =: T*A1,
        T^(A^-1)      =  T*A1*C1^2*K1*N1^-2*Q1^4*V1*W1*X1*Y1*B2*C2^2*I2*K2*L2*M2*O2^-3*P2^4*Q2^4*V2*Y2*Z2*A3*B3^74*C3^4*D3^2*E3^4*F3^3,
        T^B           =: T*B1,
        T^(B^-1)      =  T*B1*D1^-1*H1*L1*P1^4*V1*A2*D2*H2*J2*M2*O2^-8*P2^2*Z2*B3^8*C3*E3*F3^2,
        T^C           =  T*J1*K1*M1^2*U1*X1*Y1*Z1^-2*B2^4*C2^2*J2*L2*N2^49*O2^-2*P2*Q2^4*R2*V2*W2*X2*Z2*B3^31*C3^2*D3^3*E3^3*F3^4,
        T^(C^-1)      =  T*J1*K1*N1^-1*U1*W1*X1*Y1*Z1^-1*B2^3*C2^4*G2*K2*L2*M2*N2^35*O2^-3*P2^2*Q2^2*R2^3*V2*W2*A3*B3^84*C3^4*D3^4*E3*F3^3,
        T^D           =  T*V1*X1*Y1*Z1^-1*I2*J2*O2^-2*P2*Q2^2*R2^3*A3*B3^96*D3^4*E3^4*F3,
        T^(D^-1)      =  T*V1*X1*Y1*Z1^-1*B2^4*C2^4*I2*N2^48*O2^-1*P2^2*Q2^2*R2^2*W2*Y2*Z2*A3*B3^4*C3^4*D3,
        T^E           =  T*J2*K2*M2*O2^-2*Y2*Z2*B3*C3^4*E3*F3^4,
        T^(E^-1)      =  T*J2*K2*P2^4*Q2^4*Y2*Z2*B3^95*C3^3*E3^4,
        T^F           =  T*X2*Y2*A3*B3^48,
        T^(F^-1)      =  T*X2*Y2*B3^50*D3,
        T^G           =  T*C3^3*F3^3,
        T^(G^-1)      =  T*C3^2*F3^2,
        U^A           =  U*E2*N2^25*Y2*A3*B3^75,
        U^(A^-1)      =  U*E2*N2^25*X2*Y2*B3^42,
        U^B           =  U*C1^2*M1*N1^-1*Q1^3*U1*Y1*B2*I2*L2*M2*N2^45*O2^-2*P2^4*Q2*R2^4*V2*W2*A3*B3^42*C3^3*D3^4*E3*F3,
        U^(B^-1)      =  U*C1*G1*K1*M1*N1^-1*Q1^4*V1*W1*X1*Y1*Z1^-1*B2^2*C2*F2*I2*J2*K2*N2^28*O2^-3*P2^4*Q2^2*R2^3*U2*V2*Y2*A3*B3^60*C3^3*D3^2*F3^4,
        U^C           =  U*E2*I2*N2^33*X2*Y2*B3^11*D3^3,
        U^(C^-1)      =  U*E2*I2*L2*N2^16*Y2*B3^4*D3,
        U^D           =  U*X2*A3*B3^99*D3^4,
        U^(D^-1)      =  U*X2*D3^2,
        U^E           =  U,
        U^(E^-1)      =  U,
        U^F           =  U,
        U^(F^-1)      =  U,
        U^G           =  U,
        U^(G^-1)      =  U,
        V^A           =: V*C1,
        V^(A^-1)      =  V*C1^2*G1*K1*N1^-2*Q1^2*U1*V1*W1*X1*Y1*B2^4*C2*E2*G2*K2*L2*M2*N2^48*O2^-3*P2^3*R2^3*V2*X2*Y2*Z2*A3*B3^67*D3^3*E3^3*F3^3,
        V^B           =: V*D1,
        V^(B^-1)      =  V*D1^-1*O1*A2^2*S2^2*Z2*E3^3,
        V^C           =  V*M1^2*N1*S1*W1*Y1*Z1^-2*B2^4*C2^3*E2*G2*I2*J2*K2*L2*N2^48*O2^-3*P2^3*Q2*T2*W2*Y2*Z2*B3^68*D3^3*E3^4*F3^2,
        V^(C^-1)      =  V*M1*N1^-1*Y1*B2^4*C2^4*E2*I2*L2*M2*N2^48*O2^-2*P2^3*Q2^2*R2^2*W2*B3^38*C3^4*D3^2*F3,
        V^D           =  V*B2*C2*F2*G2*J2*N2^24*O2^-1*P2^2*Q2*R2^3*T2*V2*W2*Z2*C3*D3^2*E3*F3^3,
        V^(D^-1)      =  V*B2^4*C2^4*F2*J2*M2*N2^48*P2^2*Q2^3*R2^2*T2*V2*W2*Y2*Z2*A3*B3^3*C3^4*D3*E3,
        V^E           =  V*M2*O2^-2*P2*Q2*U2*V2*B3^50*C3^3*E3^3*F3^2,
        V^(E^-1)      =  V*M2*O2*P2^3*Q2^3*U2*V2*B3^45*E3^4*F3^3,
        V^F           =  V*A3*B3^98*D3^4,
        V^(F^-1)      =  V*A3*B3*D3^2,
        V^G           =  V*C3*F3,
        V^(G^-1)      =  V*C3^4*F3^4,
        W^A           =  W,
        W^(A^-1)      =  W,
        W^B           =: W*E1,
        W^(B^-1)      =  W*E1^4*J1*M1^2*P1*T1*V1*W1*Y1*Z1^-5*C2^4*D2^3*H2*J2*K2*L2*M2*O2^-15*P2*Q2^2*R2^3*S2^3*Y2*Z2*B3^89*D3*E3^4*F3^4,
        W^C           =  W*Q1^3*U1*B2^2*C2*G2*I2*N2^19*P2*Q2^4*R2^2*X2*Y2*A3*B3^25*C3^4*D3*E3,
        W^(C^-1)      =  W*Q1^2*U1*B2^3*C2^4*G2*I2*N2^18*P2^4*Q2*R2^3*V2*A3*B3^44*C3*D3^4*E3^4,
        W^D           =  W*B2^4*C2^2*N2^24*P2^2*Q2^3*R2^3*V2*X2*B3^49*C3*E3*F3^3,
        W^(D^-1)      =  W*B2*C2^3*G2*N2^48*P2^3*Q2^2*R2^2*X2*Y2*B3^3*C3^4*D3^3*E3^4*F3^2,
        W^E           =  W*P2^2*Q2^3*R2^2*V2*B3^45*C3^2*D3^4*E3^4*F3^3,
        W^(E^-1)      =  W*P2^3*Q2^2*R2^3*Y2*B3^96*C3^3*D3*E3*F3^2,
        W^F           =  W*D3^3,
        W^(F^-1)      =  W*D3^2,
        W^G           =  W*C3*E3^3*F3^3,
        W^(G^-1)      =  W*C3^4*E3^2*F3^2,
        X^A           =: X*F1,
        X^(A^-1)      =  X*F1^4*I1*N1^-6*Q1*Z1^-6*B2^4*C2^3*G2*N2^23*X2*B3^31*D3^2*F3^2,
        X^B           =  X*O1*D2^2*H2*M2*O2^-2*P2^3*Q2*S2^2*V2*W2*Z2*B3^50*E3,
        X^(B^-1)      =  X*O1^-1*A2*D2^3*M2*O2^-2*P2^3*Z2*B3^52*C3*E3^2*F3^4,
        X^C           =  X*R1^4*T1*Z1^-2*B2^2*C2^3*L2*M2*N2^49*O2^-13*P2^4*Q2*R2^2*W2*X2*A3*B3^10*C3*D3^2*E3^4*F3^2,
        X^(C^-1)      =  X*R1*Z1^-1*C2^4*G2*N2^48*O2^-1*R2^3*X2*A3*B3^4*D3^2*E3^3*F3,
        X^D           =  X*D2^4*H2*O2^-1*P2^2*Q2^3*B3^98*C3^2*E3*F3^2,
        X^(D^-1)      =  X*D2*O2^-2*Q2^4*V2*B3^97*C3^4*F3^2,
        X^E           =  X*S2^4*W2*C3^4,
        X^(E^-1)      =  X*S2*F3^2,
        X^F           =  X*C3^4*E3^3*F3^3,
        X^(F^-1)      =  X*C3*E3^2*F3^2,
        X^G           =  X,
        X^(G^-1)      =  X,
        Y^A           =: Y*G1,
        Y^(A^-1)      =  Y*G1*U1*E2*I2*N2^32*X2*Y2*A3*B3^43*D3^3,
        Y^B           =: Y*H1,
        Y^(B^-1)      =  Y*H1*M1^2*V1*Y1*Z1^-1*B2^4*J2*K2*L2*M2*O2^-4*P2*Q2*R2^4*W2*B3^22*C3^3*D3*E3^4*F3^4,
        Y^C           =  Y*S1*E2*G2*N2^12*T2*X2*Y2*B3^99*D3^3,
        Y^(C^-1)      =  Y*S1*E2*G2*N2^37*V2*X2*A3*B3^50,
        Y^D           =  Y*F2*T2*Y2*A3*B3^49*D3^3,
        Y^(D^-1)      =  Y*F2*T2*Y2*A3*B3^49*D3^3,
        Y^E           =  Y*U2,
        Y^(E^-1)      =  Y*U2,
        Z^A           =: Z*I1,
        Z^(A^-1)      =  Z*I1*N1^-2*X1*Z1^-5*B2*G2*I2*L2*N2^27*R2^2*X2*Y2*B3^2*D3^2,
        Z^B           =  Z*O1*D2^4*H2*M2*O2^-3*P2^2*Q2^3*V2*B3^99*C3^2*E3^2,
        Z^(B^-1)      =  Z*O1^-1*A2*D2*M2*O2^-1*P2^4*Q2^3*S2^4*V2*W2*B3^97*C3^3*E3*F3^4,
        Z^C           =  Z*T1*B2^4*C2^4*G2*K2*L2*M2*N2^47*O2^-7*P2^4*Q2^2*R2*V2*W2*B3^3*C3^4*D3^4*E3*F3^2,
        Z^(C^-1)      =  Z*T1*Z1^-1*G2*O2^-1*R2*Y2*B3^93*D3^3*E3,
        Z^D           =  Z*H2*O2*P2^4*Q2^4*V2*Z2*B3^94*C3^2*F3^2,
        Z^(D^-1)      =  Z*H2*O2^-2*V2*B3*C3^4*E3^2*F3^3,
        Z^E           =  Z*W2*C3^2*F3^2,
        Z^(E^-1)      =  Z*W2*C3*F3^2,
        A1^A           =  A1*U1*I2*N2^33*Y2*B3^78*D3^3,
        A1^(A^-1)      =  A1*U1*L2*N2^16*A3*B3^71*D3^2,
        A1^B           =: A1*J1,
        A1^(B^-1)      =  A1*J1*M1^2*V1*W1*Z1^-1*B2^4*C2^2*J2*K2*L2*N2^49*O2^-2*Q2^4*R2^3*V2*W2*X2*Y2*Z2*A3*B3^29*C3^4*D3^4*E3^4*F3,
        A1^C           =  A1*U1*N2^25*X2*Y2*B3^42*D3^3,
        A1^(C^-1)      =  A1*U1*I2*L2*N2^24*X2*B3^7*D3^2,
        A1^D           =  A1*N2^25*X2*Y2*B3^59*D3^3,
        A1^(D^-1)      =  A1*N2^25*Y2*A3*B3^58*D3^2,
        A1^E           =  A1*B3^50,
        A1^(E^-1)      =  A1*B3^50,
        B1^A           =: B1*K1,
        B1^(A^-1)      =  B1*K1*N1^-1*B2^4*G2*L2*N2^12*R2*X2*B3^27*D3^3,
        B1^B           =: B1*L1,
        B1^(B^-1)      =  B1*L1*O1^-1*A2^2*D2^3*H2*K2*M2*O2^-3*Q2^2*S2^4*V2*Y2*B3^99*C3^3*E3^2*F3^2,
        B1^C           =  B1*W1*X1*Y1*Z1^-1*B2^4*C2^4*I2*K2*M2*N2^48*O2^-3*P2^2*Q2^2*R2^2*V2*W2*A3*B3^79*C3^4*D3^2*E3*F3^3,
        B1^(C^-1)      =  B1*W1*X1*Z1^-1*I2*K2*O2^-1*R2^3*X2*A3*B3^97*D3*E3^3*F3,
        B1^D           =  B1*J2*M2*P2^4*Q2^4*Y2*A3*B3^45*C3^3*D3^3*E3^4*F3^2,
        B1^(D^-1)      =  B1*J2*O2^-1*Y2*A3*B3^50*C3^2*D3^3*E3^3*F3^3,
        B1^E           =  B1*Z2*F3^2,
        B1^(E^-1)      =  B1*Z2*C3^2*F3^2,
        C1^A           =  C1*E2*I2*L2*N2^16*Y2*B3^4*D3,
        C1^(A^-1)      =  C1*E2*I2*N2^33*X2*Y2*B3^11*D3^3,
        C1^B           =: C1*M1,
        C1^(B^-1)      =  C1*M1^2*S1*W1*Z1^-1*B2^4*C2^3*F2*G2*K2*L2*M2*N2^48*O2^-2*P2^3*Q2^3*U2*W2*X2*B3^50*C3^4*D3^2*E3^3,
        C1^C           =  C1*E2*I2*Y2*A3*B3^32,
        C1^(C^-1)      =  C1*E2*I2*L2*N2^49*X2*Y2*A3*B3^82,
        C1^D           =  C1*X2*A3,
        C1^(D^-1)      =  C1*X2*B3^99*D3,
        C1^E           =  C1,
        C1^(E^-1)      =  C1,
        D1^A           =: D1*N1,
        D1^(A^-1)      =  D1*N1^-1*N2*X2*D3,
        D1^B           =: D1*O1,
        D1^(B^-1)      =  D1*O1^-1*A2,
        D1^C           =  D1*Y1*B2^4*C2^4*M2*N2^48*O2^-2*P2^3*Q2^2*R2^2*W2*Y2*A3*B3^5*C3^4*D3^3*F3,
        D1^(C^-1)      =  D1*Y1*Z1^-1*L2*O2^-1*A3*B3^98*D3*F3,
        D1^D           =  D1*M2*O2*P2^4*Q2^4*B3^95*C3^4*E3^2*F3,
        D1^(D^-1)      =  D1*M2*O2^-2*B3^2*C3^4*F3^4,
        D1^E           =  D1*C3^3,
        D1^(E^-1)      =  D1*C3^2,
        E1^A           =  E1*Q1^3*U1*B2^3*I2*N2^20*P2^4*Q2*R2^3*V2*B3^57*C3*D3^2*E3^4,
        E1^(A^-1)      =  E1*Q1^2*U1*B2^2*G2*I2*N2^20*P2*Q2^4*R2^2*X2*Y2*A3*B3^26*C3^4*D3*E3,
        E1^B           =: E1*P1,
        E1^(B^-1)      =  E1*P1^4*V1*D2^2*H2*J2*O2^-5*Q2*S2^2*V2*W2*B3^3*C3^4*E3^2,
        E1^C           =  E1*B2*C2^4*N2^48*P2^3*Q2^2*R2*Y2*A3*B3^31*C3^2*D3*E3^3,
        E1^(C^-1)      =  E1*B2^4*C2*G2*N2^24*P2^2*Q2^3*R2^4*V2*B3^21*C3^3*E3^2,
        E1^D           =  E1*P2^2*Q2^4*R2^3*Y2*B3^94*C3^4*D3,
        E1^(D^-1)      =  E1*P2^3*Q2*R2^2*V2*B3^47*C3*D3^4,
        E1^E           =  E1*C3^3*E3^4*F3^2,
        E1^(E^-1)      =  E1*C3^2*E3*F3^3,
        F1^A           =: F1*Q1,
        F1^(A^-1)      =  F1*Q1^4*G2*I2*L2*N2^15*X2*Y2*B3^2*D3,
        F1^B           =: F1*R1,
        F1^(B^-1)      =  F1*R1^4*T1*Z1^-3*B2^2*C2^2*D2*L2*M2*O2^-14*P2^4*R2*S2^4*Y2*A3*B3^94*C3^2*D3^4*E3^3,
        F1^C           =  F1*C2^4*G2*N2^48*X2*B3^6*D3,
        F1^(C^-1)      =  F1*C2*N2^49*X2*A3*B3^17,
        F1^D           =  F1*R2^4*Y2*B3^99*C3*D3^3*E3^2*F3^2,
        F1^(D^-1)      =  F1*R2*B3^98*C3^4*D3^2*E3^3*F3^3,
        F1^E           =  F1*C3*E3^2*F3,
        F1^(E^-1)      =  F1*C3^4*E3^3*F3^4,
        G1^A           =  G1*E2,
        G1^(A^-1)      =  G1*E2,
        G1^B           =: G1*S1,
        G1^(B^-1)      =  G1*S1*F2*U2*V2*X2*A3*B3^38*D3^2,
        G1^C           =  G1*E2,
        G1^(C^-1)      =  G1*E2,
        G1^D           =  G1,
        G1^(D^-1)      =  G1,
        H1^A           =  H1*G2*N2^12*B3^35*D3^4,
        H1^(A^-1)      =  H1*G2*N2^37*X2*Y2*B3^76*D3^2,
        H1^B           =  H1*K2*M2*O2^-1*P2^2*Q2^2*V2*Y2*B3^97*C3^3*F3,
        H1^(B^-1)      =  H1*K2*M2*O2^-1*P2^2*Q2^2*V2*Y2*Z2*B3^97*C3*F3,
        H1^C           =  H1*V2*Y2*A3*B3^73*D3^3,
        H1^(C^-1)      =  H1*V2*Y2*A3*B3^23*D3^3,
        H1^D           =  H1,
        H1^(D^-1)      =  H1,
        I1^A           =  I1*G2*I2*L2*N2^27*X2*Y2*A3*B3^3*D3^3,
        I1^(A^-1)      =  I1*G2*I2*N2^21*B3^5*D3^3,
        I1^B           =: I1*T1,
        I1^(B^-1)      =  I1*T1*Z1^-1*B2^4*C2^4*H2*K2*L2*M2*N2^48*O2^-8*P2^4*Q2^2*R2^2*Y2*A3*B3^4*C3^4*D3^3*E3^2*F3^2,
        I1^C           =  I1*G2*Y2*A3*B3^93*D3,
        I1^(C^-1)      =  I1*G2*N2^49*X2*A3*B3^17*D3,
        I1^D           =  I1*Y2*B3*D3^3,
        I1^(D^-1)      =  I1*Y2*B3^98*D3^2,
        J1^A           =: J1*U1,
        J1^(A^-1)      =  J1*U1*I2*L2*N2^49*Y2*A3*B3^49,
        J1^B           =: J1*V1,
        J1^(B^-1)      =  J1*V1*J2*M2*O2^-1*P2^4*Q2*V2*Z2*B3^99*C3*E3*F3^4,
        J1^C           =  J1*N2^25*V2*X2*Y2*A3*B3^32*D3,
        J1^(C^-1)      =  J1*N2^25*V2*Y2*B3^83*D3^4,
        J1^D           =  J1,
        J1^(D^-1)      =  J1,
        K1^A           =  K1*L2*N2^25*X2*B3^8*D3,
        K1^(A^-1)      =  K1*L2*N2^24*B3^8*D3^4,
        K1^B           =: K1*W1,
        K1^(B^-1)      =  K1*W1*Y1*Z1^-1*B2^4*C2^4*J2*L2*M2*N2^48*O2^-3*P2^2*Q2^2*R2^2*V2*W2*Y2*A3*B3^28*C3*D3^3*E3*F3^3,
        K1^C           =  K1*I2*X2*B3^99*D3^3,
        K1^(C^-1)      =  K1*I2*L2*N2^49*B3^17*D3,
        K1^D           =  K1*X2*A3*D3,
        K1^(D^-1)      =  K1*X2*B3^99,
        L1^A           =: L1*X1,
        L1^(A^-1)      =  L1*X1*Z1^-1*L2*R2^3*X2*Y2*A3*B3^96*D3^2*F3^2,
        L1^B           =  L1*A2^2*S2^2*Z2*C3*E3^4*F3^3,
        L1^(B^-1)      =  L1*A2*C3^4*E3^4*F3^2,
        L1^C           =  L1*K2*O2^-1*Y2*E3^3*F3^4,
        L1^(C^-1)      =  L1*K2*Y2*B3^99*F3,
        L1^D           =  L1*Z2*C3^2*F3^4,
        L1^(D^-1)      =  L1*Z2,
        M1^A           =  M1*E2*I2*X2*Y2*A3*B3^65*D3,
        M1^(A^-1)      =  M1*E2*I2*L2*N2^49*Y2*A3*B3^49*D3^4,
        M1^B           =  M1*F2*J2*Q2^2*Z2*B3^98*C3^3*E3^4*F3^2,
        M1^(B^-1)      =  M1*F2*J2*M2*O2^-1*P2^4*Q2^2*U2*Z2*B3^99*C3^4*E3^3*F3,
        M1^C           =  M1*T2*X2*A3*B3^49*D3^4,
        M1^(C^-1)      =  M1*T2*X2*B3^50*D3^2,
        M1^D           =  M1,
        M1^(D^-1)      =  M1,
        N1^A           =  N1*N2*X2*D3,
        N1^(A^-1)      =  N1*N2^49*A3*B3^18*D3^4,
        N1^B           =: N1*Y1,
        N1^(B^-1)      =  N1*Y1*Z1^-1*B2^4*C2^4*L2*N2^48*O2^-2*P2^4*Q2^3*R2^2*V2*W2*Y2*A3*B3^51*D3^3*E3^3*F3^4,
        N1^C           =  N1*L2*A3*B3^98*D3,
        N1^(C^-1)      =  N1*L2*N2^49*X2*A3*B3^17,
        N1^D           =  N1*A3*B3*D3,
        N1^(D^-1)      =  N1*A3*B3^98,
        O1^A           =: O1*Z1,
        O1^(A^-1)      =  O1*Z1^-1*N2,
        O1^B           =: O1*A2,
        O1^(B^-1)      =  O1*A2^2*S2^2*Z2*E3^3,
        O1^C           =  O1*O2^-1*B3*F3,
        O1^(C^-1)      =  O1*O2*B3^99*F3^4,
        O1^D           =  O1*C3^2*F3^4,
        O1^(D^-1)      =  O1*C3^3*F3,
        P1^A           =: P1*B2,
        P1^(A^-1)      =  P1*B2^4*N2^25*X2*B3^6*D3,
        P1^B           =  P1*D2^2*O2^-1*P2^4*Q2^2*S2^4*W2*Z2*B3^99*C3^4*E3^3*F3^2,
        P1^(B^-1)      =  P1*D2^3*H2*O2^-2*P2^3*S2^3*Z2*B3^52*C3^4*E3^3*F3^2,
        P1^C           =  P1*P2^4*R2^2*B3^49*D3^4*E3^2*F3^2,
        P1^(C^-1)      =  P1*P2*R2^3*Y2*B3^98*D3*E3^3*F3^3,
        P1^D           =  P1*C3^2*E3^4*F3^3,
        P1^(D^-1)      =  P1*C3^3*E3*F3^2,
        Q1^A           =  Q1*D3,
        Q1^(A^-1)      =  Q1*D3^4,
        Q1^B           =  Q1*C2^2*N2^49*Q2*R2^4*X2*Y2*A3*B3^14*D3^3*E3^4*F3,
        Q1^(B^-1)      =  Q1*C2^3*G2*N2^48*Q2*R2*X2*B3^4*C3^4*D3*F3^4,
        Q1^C           =  Q1*D3^2,
        Q1^(C^-1)      =  Q1*D3^3,
        Q1^D           =  Q1*D3^4,
        Q1^(D^-1)      =  Q1*D3,
        R1^A           =: R1*C2,
        R1^(A^-1)      =  R1*C2^4*G2*N2^47*X2*B3^5*D3^2,
        R1^B           =: R1*D2,
        R1^(B^-1)      =  R1*D2^4*H2*O2^-3*P2^2*Q2^2*S2*B3*C3*E3*F3^4,
        R1^C           =  R1*Q2^4*R2*V2*B3^94*D3^2*E3*F3^4,
        R1^(C^-1)      =  R1*Q2*R2^4*Y2*B3^97*D3^3*E3^4*F3,
        R1^D           =  R1*C3^4*E3^2*F3^4,
        R1^(D^-1)      =  R1*C3*E3^3*F3,
        S1^A           =: S1*E2,
        S1^(A^-1)      =  S1*E2,
        S1^B           =: S1*F2,
        S1^(B^-1)      =  S1*F2*U2,
        S1^C           =  S1*T2,
        S1^(C^-1)      =  S1*T2,
        T1^A           =: T1*G2,
        T1^(A^-1)      =  T1*G2*N2^49*X2*Y2*B3^11*D3,
        T1^B           =: T1*H2,
        T1^(B^-1)      =  T1*H2*O2^-1*P2^4*Q2^4*W2*Z2*B3^97*C3*E3^2,
        T1^C           =  T1*V2*Y2*B3^98*D3^2,
        T1^(C^-1)      =  T1*V2*Y2*B3^99*D3^3,
        U1^A           =  U1,
        U1^(A^-1)      =  U1,
        U1^B           =  U1*V2*X2*B3^24*D3^4,
        U1^(B^-1)      =  U1*V2*X2*A3*B3^73*D3^2,
        U1^C           =  U1,
        U1^(C^-1)      =  U1,
        V1^A           =  V1*N2^25*Y2*B3^9*D3^4,
        V1^(A^-1)      =  V1*N2^25*X2*Y2*A3*B3^8*D3,
        V1^B           =  V1*C3^3*F3^2,
        V1^(B^-1)      =  V1*C3^2*F3^3,
        V1^C           =  V1*B3^50,
        V1^(C^-1)      =  V1*B3^50,
        W1^A           =: W1*I2,
        W1^(A^-1)      =  W1*I2*L2*N2^49*X2*B3^16*D3^4,
        W1^B           =: W1*J2,
        W1^(B^-1)      =  W1*J2*M2*O2^-1*P2^4*Q2^4*B3^97*C3^3*E3^2*F3^4,
        W1^C           =  W1*X2*A3*B3^49*D3^3,
        W1^(C^-1)      =  W1*X2*B3^50*D3^3,
        X1^A           =  X1*L2*X2*Y2*B3^98*D3^4,
        X1^(A^-1)      =  X1*L2*N2^49*Y2*B3^17*D3,
        X1^B           =: X1*K2,
        X1^(B^-1)      =  X1*K2*O2^-1*Z2*E3^3,
        X1^C           =  X1*Y2*B3^99,
        X1^(C^-1)      =  X1*Y2,
        Y1^A           =: Y1*L2,
        Y1^(A^-1)      =  Y1*L2*N2^49*X2*B3^16,
        Y1^B           =: Y1*M2,
        Y1^(B^-1)      =  Y1*M2*O2^-1*P2^4*Q2^4*B3^97*C3^4*E3^2*F3^3,
        Y1^C           =  Y1*A3*B3^99,
        Y1^(C^-1)      =  Y1*A3*D3,
        Z1^A           =: Z1*N2,
        Z1^(A^-1)      =  Z1*N2^49*X2*A3*B3^18,
        Z1^B           =: Z1*O2,
        Z1^(B^-1)      =  Z1*O2^-1*C3^3*F3,
        Z1^C           =  Z1*B3^99,
        Z1^(C^-1)      =  Z1*B3,
        A2^A           =  A2*F3,
        A2^(A^-1)      =  A2*F3^4,
        A2^B           =  A2,
        A2^(B^-1)      =  A2,
        A2^C           =  A2,
        A2^(C^-1)      =  A2,
        B2^A           =  B2*D3^2,
        B2^(A^-1)      =  B2*D3^3,
        B2^B           =: B2*P2,
        B2^(B^-1)      =  B2*P2^4*B3^50*C3^3,
        B2^C           =  B2*D3,
        B2^(C^-1)      =  B2*D3^4,
        C2^A           =  C2*D3^3,
        C2^(A^-1)      =  C2*D3^2,
        C2^B           =: C2*Q2,
        C2^(B^-1)      =  C2*Q2^4*V2*B3^94*C3,
        C2^C           =  C2*D3^3,
        C2^(C^-1)      =  C2*D3^2,
        D2^A           =: D2*R2,
        D2^(A^-1)      =  D2*R2^4*Y2*B3^97*D3,
        D2^B           =: D2*S2,
        D2^(B^-1)      =  D2*S2^4*W2*C3^4*F3^2,
        D2^C           =  D2*E3^4*F3,
        D2^(C^-1)      =  D2*E3*F3^4,
        E2^A           =  E2,
        E2^(A^-1)      =  E2,
        E2^B           =: E2*T2,
        E2^(B^-1)      =  E2*T2,
        F2^A           =  F2,
        F2^(A^-1)      =  F2,
        F2^B           =: F2*U2,
        F2^(B^-1)      =  F2*U2,
        G2^A           =  G2,
        G2^(A^-1)      =  G2,
        G2^B           =: G2*V2,
        G2^(B^-1)      =  G2*V2*B3^98,
        H2^A           =  H2*Y2*D3^2,
        H2^(A^-1)      =  H2*Y2*B3^99*D3^3,
        H2^B           =: H2*W2,
        H2^(B^-1)      =  H2*W2*C3^3*F3^4,
        I2^A           =  I2,
        I2^(A^-1)      =  I2,
        I2^B           =  I2*A3*B3^50*D3^3,
        I2^(B^-1)      =  I2*A3*B3^49*D3^3,
        J2^A           =: J2*X2,
        J2^(A^-1)      =  J2*X2*A3*B3^99*D3,
        J2^B           =  J2*C3^3*F3^4,
        J2^(B^-1)      =  J2*C3^2*F3,
        K2^A           =: K2*Y2,
        K2^(A^-1)      =  K2*Y2*B3^99,
        K2^B           =: K2*Z2,
        K2^(B^-1)      =  K2*Z2*C3^2*F3^4,
        L2^A           =  L2,
        L2^(A^-1)      =  L2,
        L2^B           =  L2*B3,
        L2^(B^-1)      =  L2*B3^99,
        M2^A           =: M2*A3,
        M2^(A^-1)      =  M2*A3*B3^99*D3,
        M2^B           =  M2*C3*F3^3,
        M2^(B^-1)      =  M2*C3^4*F3^2,
        N2^A           =  N2,
        N2^(A^-1)      =  N2,
        N2^B           =  N2*B3^2,
        N2^(B^-1)      =  N2*B3^98,
        O2^A           =: O2*B3,
        O2^(A^-1)      =  O2*B3^99,
        O2^B           =  O2*C3^3*F3,
        O2^(B^-1)      =  O2*C3^2*F3^4,
        P2^A           =  P2*D3,
        P2^(A^-1)      =  P2*D3^4,
        P2^B           =  P2*C3^3,
        P2^(B^-1)      =  P2*C3^2,
        Q2^A           =  Q2*D3^3,
        Q2^(A^-1)      =  Q2*D3^2,
        Q2^B           =: Q2*C3,
        Q2^(B^-1)      =  Q2*C3^4,
        R2^A           =: R2*D3,
        R2^(A^-1)      =  R2*D3^4,
        R2^B           =: R2*E3,
        R2^(B^-1)      =  R2*E3^4,
        S2^A           =: S2*F3,
        S2^(A^-1)      =  S2*F3^4,
        S2^B           =  S2,
        S2^(B^-1)      =  S2 >

#    Class : 14
#    Nr of generators of each class : 2 1 1 1 2 2 4 4 7 8 12 12 15 13


#    The definitions:
#    C := [ B, A ]
#    D := [ B, A, B ]
#    E := [ B, A, B, B ]
#    F := [ B, A, B, B, A ]
#    G := [ B, A, B, B, B ]
#    H := [ B, A, B, B, A, B ]
#    I := [ B, A, B, B, B, A ]
#    J := [ B, A, B, B, A, B, A ]
#    K := [ B, A, B, B, A, B, B ]
#    L := [ B, A, B, B, B, A, A ]
#    M := [ B, A, B, B, B, A, B ]
#    N := [ B, A, B, B, A, B, A, B ]
#    O := [ B, A, B, B, A, B, B, A ]
#    P := [ B, A, B, B, B, A, B, A ]
#    Q := [ B, A, B, B, B, A, B, B ]
#    R := [ B, A, B, B, A, B, A, B, A ]
#    S := [ B, A, B, B, A, B, A, B, B ]
#    T := [ B, A, B, B, A, B, B, A, B ]
#    U := [ B, A, B, B, B, A, B, A, A ]
#    V := [ B, A, B, B, B, A, B, A, B ]
#    W := [ B, A, B, B, B, A, B, B, A ]
#    X := [ B, A, B, B, B, A, B, B, B ]
#    Y := [ B, A, B, B, A, B, A, B, A, B ]
#    Z := [ B, A, B, B, A, B, A, B, B, B ]
#    A1 := [ B, A, B, B, A, B, B, A, B, A ]
#    B1 := [ B, A, B, B, A, B, B, A, B, B ]
#    C1 := [ B, A, B, B, B, A, B, A, B, A ]
#    D1 := [ B, A, B, B, B, A, B, A, B, B ]
#    E1 := [ B, A, B, B, B, A, B, B, A, B ]
#    F1 := [ B, A, B, B, B, A, B, B, B, A ]
#    G1 := [ B, A, B, B, A, B, A, B, A, B, A ]
#    H1 := [ B, A, B, B, A, B, A, B, A, B, B ]
#    I1 := [ B, A, B, B, A, B, A, B, B, B, A ]
#    J1 := [ B, A, B, B, A, B, B, A, B, A, B ]
#    K1 := [ B, A, B, B, A, B, B, A, B, B, A ]
#    L1 := [ B, A, B, B, A, B, B, A, B, B, B ]
#    M1 := [ B, A, B, B, B, A, B, A, B, A, B ]
#    N1 := [ B, A, B, B, B, A, B, A, B, B, A ]
#    O1 := [ B, A, B, B, B, A, B, A, B, B, B ]
#    P1 := [ B, A, B, B, B, A, B, B, A, B, B ]
#    Q1 := [ B, A, B, B, B, A, B, B, B, A, A ]
#    R1 := [ B, A, B, B, B, A, B, B, B, A, B ]
#    S1 := [ B, A, B, B, A, B, A, B, A, B, A, B ]
#    T1 := [ B, A, B, B, A, B, A, B, B, B, A, B ]
#    U1 := [ B, A, B, B, A, B, B, A, B, A, B, A ]
#    V1 := [ B, A, B, B, A, B, B, A, B, A, B, B ]
#    W1 := [ B, A, B, B, A, B, B, A, B, B, A, B ]
#    X1 := [ B, A, B, B, A, B, B, A, B, B, B, A ]
#    Y1 := [ B, A, B, B, B, A, B, A, B, B, A, B ]
#    Z1 := [ B, A, B, B, B, A, B, A, B, B, B, A ]
#    A2 := [ B, A, B, B, B, A, B, A, B, B, B, B ]
#    B2 := [ B, A, B, B, B, A, B, B, A, B, B, A ]
#    C2 := [ B, A, B, B, B, A, B, B, B, A, B, A ]
#    D2 := [ B, A, B, B, B, A, B, B, B, A, B, B ]
#    E2 := [ B, A, B, B, A, B, A, B, A, B, A, B, A ]
#    F2 := [ B, A, B, B, A, B, A, B, A, B, A, B, B ]
#    G2 := [ B, A, B, B, A, B, A, B, B, B, A, B, A ]
#    H2 := [ B, A, B, B, A, B, A, B, B, B, A, B, B ]
#    I2 := [ B, A, B, B, A, B, B, A, B, B, A, B, A ]
#    J2 := [ B, A, B, B, A, B, B, A, B, B, A, B, B ]
#    K2 := [ B, A, B, B, A, B, B, A, B, B, B, A, B ]
#    L2 := [ B, A, B, B, B, A, B, A, B, B, A, B, A ]
#    M2 := [ B, A, B, B, B, A, B, A, B, B, A, B, B ]
#    N2 := [ B, A, B, B, B, A, B, A, B, B, B, A, A ]
#    O2 := [ B, A, B, B, B, A, B, A, B, B, B, A, B ]
#    P2 := [ B, A, B, B, B, A, B, B, A, B, B, A, B ]
#    Q2 := [ B, A, B, B, B, A, B, B, B, A, B, A, B ]
#    R2 := [ B, A, B, B, B, A, B, B, B, A, B, B, A ]
#    S2 := [ B, A, B, B, B, A, B, B, B, A, B, B, B ]
#    T2 := [ B, A, B, B, A, B, A, B, A, B, A, B, A, B ]
#    U2 := [ B, A, B, B, A, B, A, B, A, B, A, B, B, B ]
#    V2 := [ B, A, B, B, A, B, A, B, B, B, A, B, A, B ]
#    W2 := [ B, A, B, B, A, B, A, B, B, B, A, B, B, B ]
#    X2 := [ B, A, B, B, A, B, B, A, B, B, A, B, B, A ]
#    Y2 := [ B, A, B, B, A, B, B, A, B, B, B, A, B, A ]
#    Z2 := [ B, A, B, B, A, B, B, A, B, B, B, A, B, B ]
#    A3 := [ B, A, B, B, B, A, B, A, B, B, A, B, B, A ]
#    B3 := [ B, A, B, B, B, A, B, A, B, B, B, A, B, A ]
#    C3 := [ B, A, B, B, B, A, B, B, B, A, B, A, B, B ]
#    D3 := [ B, A, B, B, B, A, B, B, B, A, B, B, A, A ]
#    E3 := [ B, A, B, B, B, A, B, B, B, A, B, B, A, B ]
#    F3 := [ B, A, B, B, B, A, B, B, B, A, B, B, B, A ]
